<?xml version="1.0" encoding="UTF-8"?>
<!-- Generated by org.testng.reporters.JUnitReportReporter -->
<testsuite skipped="0" hostname="PTL012328" name="org.com.test.LoginWindow" tests="3" failures="0" timestamp="11 May 2021 12:50:04 GMT" time="11.626" errors="0">
  <testcase name="verifyValidationMessage" time="3.292" classname="org.com.test.LoginWindow"/>
  <testcase name="verifyValidationMessageWhenPasswordMissing" time="5.858" classname="org.com.test.LoginWindow"/>
  <testcase name="verifyValidationMessageWhenInvalidEmail" time="2.476" classname="org.com.test.LoginWindow"/>
</testsuite> <!-- org.com.test.LoginWindow -->
